<?xml version="1.0" encoding="UTF-8"?>
<testng-results ignored="0" total="1" passed="1" failed="0" skipped="0">
  <reporter-output>
  </reporter-output>
  <suite started-at="2020-04-14T15:59:36 GMT-07:00" name="Default suite" finished-at="2020-04-14T15:59:37 GMT-07:00" duration-ms="557">
    <groups>
    </groups>
    <test started-at="2020-04-14T15:59:36 GMT-07:00" name="Default test" finished-at="2020-04-14T15:59:37 GMT-07:00" duration-ms="557">
      <class name="com.ip.jacksontest.JavaToJsonTest">
        <test-method signature="convertJavaToJsonPassingNullValues()[pri:0, instance:com.ip.jacksontest.JavaToJsonTest@71c8becc]" started-at="2020-04-14T15:59:36 GMT-07:00" name="convertJavaToJsonPassingNullValues" finished-at="2020-04-14T15:59:37 GMT-07:00" duration-ms="477" status="PASS">
          <reporter-output>
          </reporter-output>
        </test-method> <!-- convertJavaToJsonPassingNullValues -->
      </class> <!-- com.ip.jacksontest.JavaToJsonTest -->
    </test> <!-- Default test -->
  </suite> <!-- Default suite -->
</testng-results>
